<?xml version="1.0" encoding="UTF-8"?>
<coverage generated="1641265320271" clover="3.2.0">
  <project timestamp="1641265320271" name="All files">
    <metrics statements="1" coveredstatements="1" conditionals="0" coveredconditionals="0" methods="0" coveredmethods="0" elements="1" coveredelements="1" complexity="0" loc="1" ncloc="1" packages="1" files="1" classes="1"/>
    <file name="ProductCard.vue" path="/Users/itchoib/Desktop/vue/juniper-test-application/src/components/ProductCard.vue">
      <metrics statements="1" coveredstatements="1" conditionals="0" coveredconditionals="0" methods="0" coveredmethods="0"/>
      <line num="14" count="1" type="stmt"/>
    </file>
  </project>
</coverage>
